
> frontend@0.1.0 build
> next build

  ▲ Next.js 14.2.33


> Build error occurred
Error: EINVAL: invalid argument, readlink 'C:\Users\Atharva\OneDrive\Desktop\Techquest\frontend\.next\server\middleware-build-manifest.js'
    at async Object.readlink (node:internal/fs/promises:973:10)
    at async C:\Users\Atharva\OneDrive\Desktop\Techquest\frontend\node_modules\next\dist\lib\recursive-delete.js:58:30
    at async Promise.all (index 5)
    at async recursiveDelete (C:\Users\Atharva\OneDrive\Desktop\Techquest\frontend\node_modules\next\dist\lib\recursive-delete.js:51:5)
    at async C:\Users\Atharva\OneDrive\Desktop\Techquest\frontend\node_modules\next\dist\lib\recursive-delete.js:68:17
    at async Promise.all (index 6)
    at async recursiveDelete (C:\Users\Atharva\OneDrive\Desktop\Techquest\frontend\node_modules\next\dist\lib\recursive-delete.js:51:5)
    at async C:\Users\Atharva\OneDrive\Desktop\Techquest\frontend\node_modules\next\dist\build\index.js:694:17
    at async Span.traceAsyncFn (C:\Users\Atharva\OneDrive\Desktop\Techquest\frontend\node_modules\next\dist\trace\trace.js:154:20)
    at async build (C:\Users\Atharva\OneDrive\Desktop\Techquest\frontend\node_modules\next\dist\build\index.js:368:9) {
  errno: -4071,
  code: 'EINVAL',
  syscall: 'readlink',
  path: 'C:\\Users\\Atharva\\OneDrive\\Desktop\\Techquest\\frontend\\.next\\server\\middleware-build-manifest.js'
}
